[demo.w3layouts.com/demos_new/template_demo/12-03-2019/organic_store-demo_Free/323914130/web/index.html]
[backblue.gif]
[fade.gif]
[index.html]
[demo.w3layouts.com/demos_new/template_demo/12-03-2019/organic_store-demo_Free/323914130/web/css/bootstrap.min.css]
[demo.w3layouts.com/demos_new/template_demo/12-03-2019/organic_store-demo_Free/323914130/web/css/font-awesome.min.css]
[demo.w3layouts.com/demos_new/template_demo/12-03-2019/organic_store-demo_Free/323914130/web/css/style.css]
[m.servedby-buysellads.com/monetization.js]
[demo.w3layouts.com/assests/css/font-awesome.min.css]
[demo.w3layouts.com/demos_new/template_demo/12-03-2019/organic_store-demo_Free/323914130/web/images/bb1.jpg]
[demo.w3layouts.com/demos_new/template_demo/12-03-2019/organic_store-demo_Free/323914130/web/images/bb2.jpg]
[demo.w3layouts.com/demos_new/template_demo/12-03-2019/organic_store-demo_Free/323914130/web/images/bb3.jpg]
[demo.w3layouts.com/demos_new/template_demo/12-03-2019/organic_store-demo_Free/323914130/web/images/ab1.jpg]
[demo.w3layouts.com/demos_new/template_demo/12-03-2019/organic_store-demo_Free/323914130/web/images/ab2.jpg]
[demo.w3layouts.com/demos_new/template_demo/12-03-2019/organic_store-demo_Free/323914130/web/images/ab3.jpg]
[demo.w3layouts.com/demos_new/template_demo/12-03-2019/organic_store-demo_Free/323914130/web/images/ab4.jpg]
[demo.w3layouts.com/demos_new/template_demo/12-03-2019/organic_store-demo_Free/323914130/web/images/bb4.jpg]
[demo.w3layouts.com/demos_new/template_demo/12-03-2019/organic_store-demo_Free/323914130/web/images/v1.jpg]
[demo.w3layouts.com/demos_new/template_demo/12-03-2019/organic_store-demo_Free/323914130/web/images/v2.jpg]
[demo.w3layouts.com/demos_new/template_demo/12-03-2019/organic_store-demo_Free/323914130/web/images/v3.jpg]
[demo.w3layouts.com/demos_new/template_demo/12-03-2019/organic_store-demo_Free/323914130/web/images/v4.jpg]
[demo.w3layouts.com/demos_new/template_demo/12-03-2019/organic_store-demo_Free/323914130/web/images/g1.jpg]
[demo.w3layouts.com/demos_new/template_demo/12-03-2019/organic_store-demo_Free/323914130/web/images/g2.jpg]
[demo.w3layouts.com/demos_new/template_demo/12-03-2019/organic_store-demo_Free/323914130/web/images/g3.jpg]
[demo.w3layouts.com/demos_new/template_demo/12-03-2019/organic_store-demo_Free/323914130/web/images/g4.jpg]
[demo.w3layouts.com/demos_new/template_demo/12-03-2019/organic_store-demo_Free/323914130/web/index.html]
[fonts.googleapis.com/cssd8eb.css]
[fonts.googleapis.com/css7c35.css]
[fonts.googleapis.com/css1fd7.css]
[demo.w3layouts.com/demos_new/template_demo/12-03-2019/organic_store-demo_Free/323914130/web/css/bootstrap.min.css]
[m.servedby-buysellads.com/monetization.js]
[demo.w3layouts.com/demos_new/template_demo/12-03-2019/organic_store-demo_Free/323914130/web/fonts/fontawesome-webfont3e6e.eot]
[demo.w3layouts.com/demos_new/template_demo/12-03-2019/organic_store-demo_Free/323914130/web/fonts/fontawesome-webfont3e6e.woff2]
[demo.w3layouts.com/demos_new/template_demo/12-03-2019/organic_store-demo_Free/323914130/web/fonts/fontawesome-webfontd41d.eot]
[demo.w3layouts.com/demos_new/template_demo/12-03-2019/organic_store-demo_Free/323914130/web/fonts/fontawesome-webfont3e6e.woff]
[demo.w3layouts.com/demos_new/template_demo/12-03-2019/organic_store-demo_Free/323914130/web/fonts/fontawesome-webfont3e6e.ttf]
[demo.w3layouts.com/demos_new/template_demo/12-03-2019/organic_store-demo_Free/323914130/web/css/font-awesome.min.css]
[demo.w3layouts.com/demos_new/template_demo/12-03-2019/organic_store-demo_Free/323914130/web/css/style.css]
[demo.w3layouts.com/demos_new/template_demo/12-03-2019/organic_store-demo_Free/323914130/web/images/b1.jpg]
[demo.w3layouts.com/demos_new/template_demo/12-03-2019/organic_store-demo_Free/323914130/web/fonts/fontawesome-webfont3e6e.svg]
[demo.w3layouts.com/assests/css/font-awesome.min.css]
[demo.w3layouts.com/demos_new/template_demo/12-03-2019/organic_store-demo_Free/323914130/web/fonts/fontawesome-webfont3e6e.svg]
[demo.w3layouts.com/assests/fonts/fontawesome-webfont3e6e.svg]
[demo.w3layouts.com/assests/fonts/fontawesome-webfont3e6e.svg]
